INFO:     Started server process [25356]
INFO:     Waiting for application startup.
INFO:     Application startup complete.
INFO:     Uvicorn running on http://127.0.0.1:8000 (Press CTRL+C to quit)
ERROR:    Exception in ASGI application
Traceback (most recent call last):
  File "C:\Users\user\Desktop\!Наука\Докторская\ДТН_ ML\ЭВМ_кодек\.venv\lib\site-packages\sqlalchemy\engine\base.py", line 1967, in _exec_single_context
    self.dialect.do_execute(
  File "C:\Users\user\Desktop\!Наука\Докторская\ДТН_ ML\ЭВМ_кодек\.venv\lib\site-packages\sqlalchemy\engine\default.py", line 952, in do_execute
    cursor.execute(statement, parameters)
sqlite3.IntegrityError: UNIQUE constraint failed: asset_objects.object_code

The above exception was the direct cause of the following exception:

Traceback (most recent call last):
  File "C:\Users\user\Desktop\!Наука\Докторская\ДТН_ ML\ЭВМ_кодек\.venv\lib\site-packages\uvicorn\protocols\http\h11_impl.py", line 409, in run_asgi
    result = await app(  # type: ignore[func-returns-value]
  File "C:\Users\user\Desktop\!Наука\Докторская\ДТН_ ML\ЭВМ_кодек\.venv\lib\site-packages\uvicorn\middleware\proxy_headers.py", line 60, in __call__
    return await self.app(scope, receive, send)
  File "C:\Users\user\Desktop\!Наука\Докторская\ДТН_ ML\ЭВМ_кодек\.venv\lib\site-packages\fastapi\applications.py", line 1138, in __call__
    await super().__call__(scope, receive, send)
  File "C:\Users\user\Desktop\!Наука\Докторская\ДТН_ ML\ЭВМ_кодек\.venv\lib\site-packages\starlette\applications.py", line 113, in __call__
    await self.middleware_stack(scope, receive, send)
  File "C:\Users\user\Desktop\!Наука\Докторская\ДТН_ ML\ЭВМ_кодек\.venv\lib\site-packages\starlette\middleware\errors.py", line 186, in __call__
    raise exc
  File "C:\Users\user\Desktop\!Наука\Докторская\ДТН_ ML\ЭВМ_кодек\.venv\lib\site-packages\starlette\middleware\errors.py", line 164, in __call__
    await self.app(scope, receive, _send)
  File "C:\Users\user\Desktop\!Наука\Докторская\ДТН_ ML\ЭВМ_кодек\.venv\lib\site-packages\starlette\middleware\exceptions.py", line 63, in __call__
    await wrap_app_handling_exceptions(self.app, conn)(scope, receive, send)
  File "C:\Users\user\Desktop\!Наука\Докторская\ДТН_ ML\ЭВМ_кодек\.venv\lib\site-packages\starlette\_exception_handler.py", line 53, in wrapped_app
    raise exc
  File "C:\Users\user\Desktop\!Наука\Докторская\ДТН_ ML\ЭВМ_кодек\.venv\lib\site-packages\starlette\_exception_handler.py", line 42, in wrapped_app
    await app(scope, receive, sender)
  File "C:\Users\user\Desktop\!Наука\Докторская\ДТН_ ML\ЭВМ_кодек\.venv\lib\site-packages\fastapi\middleware\asyncexitstack.py", line 18, in __call__
    await self.app(scope, receive, send)
  File "C:\Users\user\Desktop\!Наука\Докторская\ДТН_ ML\ЭВМ_кодек\.venv\lib\site-packages\starlette\routing.py", line 716, in __call__
    await self.middleware_stack(scope, receive, send)
  File "C:\Users\user\Desktop\!Наука\Докторская\ДТН_ ML\ЭВМ_кодек\.venv\lib\site-packages\starlette\routing.py", line 736, in app
    await route.handle(scope, receive, send)
  File "C:\Users\user\Desktop\!Наука\Докторская\ДТН_ ML\ЭВМ_кодек\.venv\lib\site-packages\starlette\routing.py", line 290, in handle
    await self.app(scope, receive, send)
  File "C:\Users\user\Desktop\!Наука\Докторская\ДТН_ ML\ЭВМ_кодек\.venv\lib\site-packages\fastapi\routing.py", line 121, in app
    await wrap_app_handling_exceptions(app, request)(scope, receive, send)
  File "C:\Users\user\Desktop\!Наука\Докторская\ДТН_ ML\ЭВМ_кодек\.venv\lib\site-packages\starlette\_exception_handler.py", line 53, in wrapped_app
    raise exc
  File "C:\Users\user\Desktop\!Наука\Докторская\ДТН_ ML\ЭВМ_кодек\.venv\lib\site-packages\starlette\_exception_handler.py", line 42, in wrapped_app
    await app(scope, receive, sender)
  File "C:\Users\user\Desktop\!Наука\Докторская\ДТН_ ML\ЭВМ_кодек\.venv\lib\site-packages\fastapi\routing.py", line 107, in app
    response = await f(request)
  File "C:\Users\user\Desktop\!Наука\Докторская\ДТН_ ML\ЭВМ_кодек\.venv\lib\site-packages\fastapi\routing.py", line 426, in app
    raw_response = await run_endpoint_function(
  File "C:\Users\user\Desktop\!Наука\Докторская\ДТН_ ML\ЭВМ_кодек\.venv\lib\site-packages\fastapi\routing.py", line 316, in run_endpoint_function
    return await run_in_threadpool(dependant.call, **values)
  File "C:\Users\user\Desktop\!Наука\Докторская\ДТН_ ML\ЭВМ_кодек\.venv\lib\site-packages\starlette\concurrency.py", line 38, in run_in_threadpool
    return await anyio.to_thread.run_sync(func)
  File "C:\Users\user\Desktop\!Наука\Докторская\ДТН_ ML\ЭВМ_кодек\.venv\lib\site-packages\anyio\to_thread.py", line 63, in run_sync
    return await get_async_backend().run_sync_in_worker_thread(
  File "C:\Users\user\Desktop\!Наука\Докторская\ДТН_ ML\ЭВМ_кодек\.venv\lib\site-packages\anyio\_backends\_asyncio.py", line 2502, in run_sync_in_worker_thread
    return await future
  File "C:\Users\user\Desktop\!Наука\Докторская\ДТН_ ML\ЭВМ_кодек\.venv\lib\site-packages\anyio\_backends\_asyncio.py", line 986, in run
    result = context.run(func, *args)
  File "C:\Users\user\Desktop\!Наука\Докторская\ДТН_ ML\ЭВМ_кодек\apps\api\routes.py", line 138, in create_entity
    return config.service.create(session, payload)
  File "C:\Users\user\Desktop\!Наука\Докторская\ДТН_ ML\ЭВМ_кодек\apps\core\services.py", line 106, in create
    session.flush()
  File "C:\Users\user\Desktop\!Наука\Докторская\ДТН_ ML\ЭВМ_кодек\.venv\lib\site-packages\sqlalchemy\orm\session.py", line 4331, in flush
    self._flush(objects)
  File "C:\Users\user\Desktop\!Наука\Докторская\ДТН_ ML\ЭВМ_кодек\.venv\lib\site-packages\sqlalchemy\orm\session.py", line 4467, in _flush
    transaction.rollback(_capture_exception=True)
  File "C:\Users\user\Desktop\!Наука\Докторская\ДТН_ ML\ЭВМ_кодек\.venv\lib\site-packages\sqlalchemy\util\langhelpers.py", line 121, in __exit__
    raise exc_value.with_traceback(exc_tb)
  File "C:\Users\user\Desktop\!Наука\Докторская\ДТН_ ML\ЭВМ_кодек\.venv\lib\site-packages\sqlalchemy\orm\session.py", line 4427, in _flush
    flush_context.execute()
  File "C:\Users\user\Desktop\!Наука\Докторская\ДТН_ ML\ЭВМ_кодек\.venv\lib\site-packages\sqlalchemy\orm\unitofwork.py", line 466, in execute
    rec.execute(self)
  File "C:\Users\user\Desktop\!Наука\Докторская\ДТН_ ML\ЭВМ_кодек\.venv\lib\site-packages\sqlalchemy\orm\unitofwork.py", line 642, in execute
    util.preloaded.orm_persistence.save_obj(
  File "C:\Users\user\Desktop\!Наука\Докторская\ДТН_ ML\ЭВМ_кодек\.venv\lib\site-packages\sqlalchemy\orm\persistence.py", line 93, in save_obj
    _emit_insert_statements(
  File "C:\Users\user\Desktop\!Наука\Докторская\ДТН_ ML\ЭВМ_кодек\.venv\lib\site-packages\sqlalchemy\orm\persistence.py", line 1233, in _emit_insert_statements
    result = connection.execute(
  File "C:\Users\user\Desktop\!Наука\Докторская\ДТН_ ML\ЭВМ_кодек\.venv\lib\site-packages\sqlalchemy\engine\base.py", line 1419, in execute
    return meth(
  File "C:\Users\user\Desktop\!Наука\Докторская\ДТН_ ML\ЭВМ_кодек\.venv\lib\site-packages\sqlalchemy\sql\elements.py", line 527, in _execute_on_connection
    return connection._execute_clauseelement(
  File "C:\Users\user\Desktop\!Наука\Докторская\ДТН_ ML\ЭВМ_кодек\.venv\lib\site-packages\sqlalchemy\engine\base.py", line 1641, in _execute_clauseelement
    ret = self._execute_context(
  File "C:\Users\user\Desktop\!Наука\Докторская\ДТН_ ML\ЭВМ_кодек\.venv\lib\site-packages\sqlalchemy\engine\base.py", line 1846, in _execute_context
    return self._exec_single_context(
  File "C:\Users\user\Desktop\!Наука\Докторская\ДТН_ ML\ЭВМ_кодек\.venv\lib\site-packages\sqlalchemy\engine\base.py", line 1986, in _exec_single_context
    self._handle_dbapi_exception(
  File "C:\Users\user\Desktop\!Наука\Докторская\ДТН_ ML\ЭВМ_кодек\.venv\lib\site-packages\sqlalchemy\engine\base.py", line 2363, in _handle_dbapi_exception
    raise sqlalchemy_exception.with_traceback(exc_info[2]) from e
  File "C:\Users\user\Desktop\!Наука\Докторская\ДТН_ ML\ЭВМ_кодек\.venv\lib\site-packages\sqlalchemy\engine\base.py", line 1967, in _exec_single_context
    self.dialect.do_execute(
  File "C:\Users\user\Desktop\!Наука\Докторская\ДТН_ ML\ЭВМ_кодек\.venv\lib\site-packages\sqlalchemy\engine\default.py", line 952, in do_execute
    cursor.execute(statement, parameters)
sqlalchemy.exc.IntegrityError: (sqlite3.IntegrityError) UNIQUE constraint failed: asset_objects.object_code
[SQL: INSERT INTO asset_objects (object_code, object_name, address, coordinates, function_type, responsibility_class, year_built, year_commissioned, design_service_life, current_operational_mode, source_type, id, schema_version, created_at, updated_at) VALUES (?, ?, ?, ?, ?, ?, ?, ?, ?, ?, ?, ?, ?, ?, ?)]
[parameters: ('DEMO-BRIDGE-001', 'сбербанк', 'тамбов', '-', '-', '-', 2000, 2000, 50, None, None, '9d1da4c2-e173-4ae6-ab9d-9d986be9bd49', 'v1', '2026-03-24 14:29:21.120119', '2026-03-24 14:29:21.120119')]
(Background on this error at: https://sqlalche.me/e/20/gkpj)
ERROR:    Exception in ASGI application
Traceback (most recent call last):
  File "C:\Users\user\Desktop\!Наука\Докторская\ДТН_ ML\ЭВМ_кодек\.venv\lib\site-packages\sqlalchemy\engine\base.py", line 1967, in _exec_single_context
    self.dialect.do_execute(
  File "C:\Users\user\Desktop\!Наука\Докторская\ДТН_ ML\ЭВМ_кодек\.venv\lib\site-packages\sqlalchemy\engine\default.py", line 952, in do_execute
    cursor.execute(statement, parameters)
sqlite3.IntegrityError: UNIQUE constraint failed: asset_objects.object_code

The above exception was the direct cause of the following exception:

Traceback (most recent call last):
  File "C:\Users\user\Desktop\!Наука\Докторская\ДТН_ ML\ЭВМ_кодек\.venv\lib\site-packages\uvicorn\protocols\http\h11_impl.py", line 409, in run_asgi
    result = await app(  # type: ignore[func-returns-value]
  File "C:\Users\user\Desktop\!Наука\Докторская\ДТН_ ML\ЭВМ_кодек\.venv\lib\site-packages\uvicorn\middleware\proxy_headers.py", line 60, in __call__
    return await self.app(scope, receive, send)
  File "C:\Users\user\Desktop\!Наука\Докторская\ДТН_ ML\ЭВМ_кодек\.venv\lib\site-packages\fastapi\applications.py", line 1138, in __call__
    await super().__call__(scope, receive, send)
  File "C:\Users\user\Desktop\!Наука\Докторская\ДТН_ ML\ЭВМ_кодек\.venv\lib\site-packages\starlette\applications.py", line 113, in __call__
    await self.middleware_stack(scope, receive, send)
  File "C:\Users\user\Desktop\!Наука\Докторская\ДТН_ ML\ЭВМ_кодек\.venv\lib\site-packages\starlette\middleware\errors.py", line 186, in __call__
    raise exc
  File "C:\Users\user\Desktop\!Наука\Докторская\ДТН_ ML\ЭВМ_кодек\.venv\lib\site-packages\starlette\middleware\errors.py", line 164, in __call__
    await self.app(scope, receive, _send)
  File "C:\Users\user\Desktop\!Наука\Докторская\ДТН_ ML\ЭВМ_кодек\.venv\lib\site-packages\starlette\middleware\exceptions.py", line 63, in __call__
    await wrap_app_handling_exceptions(self.app, conn)(scope, receive, send)
  File "C:\Users\user\Desktop\!Наука\Докторская\ДТН_ ML\ЭВМ_кодек\.venv\lib\site-packages\starlette\_exception_handler.py", line 53, in wrapped_app
    raise exc
  File "C:\Users\user\Desktop\!Наука\Докторская\ДТН_ ML\ЭВМ_кодек\.venv\lib\site-packages\starlette\_exception_handler.py", line 42, in wrapped_app
    await app(scope, receive, sender)
  File "C:\Users\user\Desktop\!Наука\Докторская\ДТН_ ML\ЭВМ_кодек\.venv\lib\site-packages\fastapi\middleware\asyncexitstack.py", line 18, in __call__
    await self.app(scope, receive, send)
  File "C:\Users\user\Desktop\!Наука\Докторская\ДТН_ ML\ЭВМ_кодек\.venv\lib\site-packages\starlette\routing.py", line 716, in __call__
    await self.middleware_stack(scope, receive, send)
  File "C:\Users\user\Desktop\!Наука\Докторская\ДТН_ ML\ЭВМ_кодек\.venv\lib\site-packages\starlette\routing.py", line 736, in app
    await route.handle(scope, receive, send)
  File "C:\Users\user\Desktop\!Наука\Докторская\ДТН_ ML\ЭВМ_кодек\.venv\lib\site-packages\starlette\routing.py", line 290, in handle
    await self.app(scope, receive, send)
  File "C:\Users\user\Desktop\!Наука\Докторская\ДТН_ ML\ЭВМ_кодек\.venv\lib\site-packages\fastapi\routing.py", line 121, in app
    await wrap_app_handling_exceptions(app, request)(scope, receive, send)
  File "C:\Users\user\Desktop\!Наука\Докторская\ДТН_ ML\ЭВМ_кодек\.venv\lib\site-packages\starlette\_exception_handler.py", line 53, in wrapped_app
    raise exc
  File "C:\Users\user\Desktop\!Наука\Докторская\ДТН_ ML\ЭВМ_кодек\.venv\lib\site-packages\starlette\_exception_handler.py", line 42, in wrapped_app
    await app(scope, receive, sender)
  File "C:\Users\user\Desktop\!Наука\Докторская\ДТН_ ML\ЭВМ_кодек\.venv\lib\site-packages\fastapi\routing.py", line 107, in app
    response = await f(request)
  File "C:\Users\user\Desktop\!Наука\Докторская\ДТН_ ML\ЭВМ_кодек\.venv\lib\site-packages\fastapi\routing.py", line 426, in app
    raw_response = await run_endpoint_function(
  File "C:\Users\user\Desktop\!Наука\Докторская\ДТН_ ML\ЭВМ_кодек\.venv\lib\site-packages\fastapi\routing.py", line 316, in run_endpoint_function
    return await run_in_threadpool(dependant.call, **values)
  File "C:\Users\user\Desktop\!Наука\Докторская\ДТН_ ML\ЭВМ_кодек\.venv\lib\site-packages\starlette\concurrency.py", line 38, in run_in_threadpool
    return await anyio.to_thread.run_sync(func)
  File "C:\Users\user\Desktop\!Наука\Докторская\ДТН_ ML\ЭВМ_кодек\.venv\lib\site-packages\anyio\to_thread.py", line 63, in run_sync
    return await get_async_backend().run_sync_in_worker_thread(
  File "C:\Users\user\Desktop\!Наука\Докторская\ДТН_ ML\ЭВМ_кодек\.venv\lib\site-packages\anyio\_backends\_asyncio.py", line 2502, in run_sync_in_worker_thread
    return await future
  File "C:\Users\user\Desktop\!Наука\Докторская\ДТН_ ML\ЭВМ_кодек\.venv\lib\site-packages\anyio\_backends\_asyncio.py", line 986, in run
    result = context.run(func, *args)
  File "C:\Users\user\Desktop\!Наука\Докторская\ДТН_ ML\ЭВМ_кодек\apps\api\routes.py", line 138, in create_entity
    return config.service.create(session, payload)
  File "C:\Users\user\Desktop\!Наука\Докторская\ДТН_ ML\ЭВМ_кодек\apps\core\services.py", line 106, in create
    session.flush()
  File "C:\Users\user\Desktop\!Наука\Докторская\ДТН_ ML\ЭВМ_кодек\.venv\lib\site-packages\sqlalchemy\orm\session.py", line 4331, in flush
    self._flush(objects)
  File "C:\Users\user\Desktop\!Наука\Докторская\ДТН_ ML\ЭВМ_кодек\.venv\lib\site-packages\sqlalchemy\orm\session.py", line 4467, in _flush
    transaction.rollback(_capture_exception=True)
  File "C:\Users\user\Desktop\!Наука\Докторская\ДТН_ ML\ЭВМ_кодек\.venv\lib\site-packages\sqlalchemy\util\langhelpers.py", line 121, in __exit__
    raise exc_value.with_traceback(exc_tb)
  File "C:\Users\user\Desktop\!Наука\Докторская\ДТН_ ML\ЭВМ_кодек\.venv\lib\site-packages\sqlalchemy\orm\session.py", line 4427, in _flush
    flush_context.execute()
  File "C:\Users\user\Desktop\!Наука\Докторская\ДТН_ ML\ЭВМ_кодек\.venv\lib\site-packages\sqlalchemy\orm\unitofwork.py", line 466, in execute
    rec.execute(self)
  File "C:\Users\user\Desktop\!Наука\Докторская\ДТН_ ML\ЭВМ_кодек\.venv\lib\site-packages\sqlalchemy\orm\unitofwork.py", line 642, in execute
    util.preloaded.orm_persistence.save_obj(
  File "C:\Users\user\Desktop\!Наука\Докторская\ДТН_ ML\ЭВМ_кодек\.venv\lib\site-packages\sqlalchemy\orm\persistence.py", line 93, in save_obj
    _emit_insert_statements(
  File "C:\Users\user\Desktop\!Наука\Докторская\ДТН_ ML\ЭВМ_кодек\.venv\lib\site-packages\sqlalchemy\orm\persistence.py", line 1233, in _emit_insert_statements
    result = connection.execute(
  File "C:\Users\user\Desktop\!Наука\Докторская\ДТН_ ML\ЭВМ_кодек\.venv\lib\site-packages\sqlalchemy\engine\base.py", line 1419, in execute
    return meth(
  File "C:\Users\user\Desktop\!Наука\Докторская\ДТН_ ML\ЭВМ_кодек\.venv\lib\site-packages\sqlalchemy\sql\elements.py", line 527, in _execute_on_connection
    return connection._execute_clauseelement(
  File "C:\Users\user\Desktop\!Наука\Докторская\ДТН_ ML\ЭВМ_кодек\.venv\lib\site-packages\sqlalchemy\engine\base.py", line 1641, in _execute_clauseelement
    ret = self._execute_context(
  File "C:\Users\user\Desktop\!Наука\Докторская\ДТН_ ML\ЭВМ_кодек\.venv\lib\site-packages\sqlalchemy\engine\base.py", line 1846, in _execute_context
    return self._exec_single_context(
  File "C:\Users\user\Desktop\!Наука\Докторская\ДТН_ ML\ЭВМ_кодек\.venv\lib\site-packages\sqlalchemy\engine\base.py", line 1986, in _exec_single_context
    self._handle_dbapi_exception(
  File "C:\Users\user\Desktop\!Наука\Докторская\ДТН_ ML\ЭВМ_кодек\.venv\lib\site-packages\sqlalchemy\engine\base.py", line 2363, in _handle_dbapi_exception
    raise sqlalchemy_exception.with_traceback(exc_info[2]) from e
  File "C:\Users\user\Desktop\!Наука\Докторская\ДТН_ ML\ЭВМ_кодек\.venv\lib\site-packages\sqlalchemy\engine\base.py", line 1967, in _exec_single_context
    self.dialect.do_execute(
  File "C:\Users\user\Desktop\!Наука\Докторская\ДТН_ ML\ЭВМ_кодек\.venv\lib\site-packages\sqlalchemy\engine\default.py", line 952, in do_execute
    cursor.execute(statement, parameters)
sqlalchemy.exc.IntegrityError: (sqlite3.IntegrityError) UNIQUE constraint failed: asset_objects.object_code
[SQL: INSERT INTO asset_objects (object_code, object_name, address, coordinates, function_type, responsibility_class, year_built, year_commissioned, design_service_life, current_operational_mode, source_type, id, schema_version, created_at, updated_at) VALUES (?, ?, ?, ?, ?, ?, ?, ?, ?, ?, ?, ?, ?, ?, ?)]
[parameters: ('DEMO-BRIDGE-001', 'сбербанк', 'тамбов', '-', '-', '-', 2000, 2000, 50, '-', '-', '086651aa-19e7-44ac-8c63-a8a3bc469e8f', 'v1', '2026-03-24 14:29:28.680487', '2026-03-24 14:29:28.680487')]
(Background on this error at: https://sqlalche.me/e/20/gkpj)
^C